

 registering actions library 
Registration done 

|- (directory)
|- Actions
   |- (AddPropertiesToGroup)
   |- (AssignCategoricalDefinition)
   |- (Build_conversion_table)
   |- (Categorical_Conversion_from_sgems_group_in_place)
   |- (Categorical_Conversion_to_sgems_in_place)
   |- (ClearPropertyValueFromProperty)
   |- (ClearPropertyValueIf)
   |- (CopyProperty)
   |- (CreateMgridFromCgrid)
   |- (CreateTrend)
   |- (DeleteObjectProperties)
   |- (DeleteObjectRegions)
   |- (DeleteObjects)
   |- (Help)
   |- (IndicatorCoding)
   |- (LoadObjectFromFile)
   |- (LoadProject)
   |- (MergeObjectRegionsIntersection)
   |- (MergeObjectRegionsUnion)
   |- (NewCartesianGrid)
   |- (NewCategoricalDefinition)
   |- (NewPropertyGroup)
   |- (NewRGrid)
   |- (RemoveAllPropertiesFromGroup)
   |- (RemoveGroup)
   |- (RemovePropertiesToGroup)
   |- (RunGeostatAlgorithm)
   |- (RunScript)
   |- (SaveGeostatGrid)
   |- (SetActiveRegion)
   |- (SetHarddata)
   |- (SetRegionFromCategoricalPropertyIf)
   |- (SetRegionFromComplement)
   |- (SetRegionFromPropertyIf)
   |- (SwapPropertyToDisk)
   |- (SwapPropertyToRAM)
   |- (complement)
   |- (cos)
   |- (exp)
   |- (inverse)
   |- (log)
   |- (log10)
   |- (logistic)
   |- (logit)
   |- (power10)
   |- (sin)
   |- (sqrt)
   |- (square)
   |- (standardize)
   |- (unitScaling)
|- PythonGroupScripts
   |- (pythongroupscript)
|- PythonScripts
   |- (pythonscript)


 registering appli library 
Registration done

|- (directory)
|- Actions
   |- (AddPropertiesToGroup)
   |- (AssignCategoricalDefinition)
   |- (Build_conversion_table)
   |- (Categorical_Conversion_from_sgems_group_in_place)
   |- (Categorical_Conversion_to_sgems_in_place)
   |- (ClearPropertyValueFromProperty)
   |- (ClearPropertyValueIf)
   |- (CopyProperty)
   |- (CreateMgridFromCgrid)
   |- (CreateTrend)
   |- (DeleteObjectProperties)
   |- (DeleteObjectRegions)
   |- (DeleteObjects)
   |- (Help)
   |- (IndicatorCoding)
   |- (LoadObjectFromFile)
   |- (LoadProject)
   |- (MergeObjectRegionsIntersection)
   |- (MergeObjectRegionsUnion)
   |- (NewCartesianGrid)
   |- (NewCategoricalDefinition)
   |- (NewPropertyGroup)
   |- (NewRGrid)
   |- (RemoveAllPropertiesFromGroup)
   |- (RemoveGroup)
   |- (RemovePropertiesToGroup)
   |- (RunGeostatAlgorithm)
   |- (RunScript)
   |- (SaveGeostatGrid)
   |- (SetActiveRegion)
   |- (SetHarddata)
   |- (SetRegionFromCategoricalPropertyIf)
   |- (SetRegionFromComplement)
   |- (SetRegionFromPropertyIf)
   |- (SwapPropertyToDisk)
   |- (SwapPropertyToRAM)
   |- (complement)
   |- (cos)
   |- (exp)
   |- (inverse)
   |- (log)
   |- (log10)
   |- (logistic)
   |- (logit)
   |- (power10)
   |- (sin)
   |- (sqrt)
   |- (square)
   |- (standardize)
   |- (unitScaling)
|- Project
   |- (project)
|- PythonGroupScripts
   |- (pythongroupscript)
|- PythonScripts
   |- (pythonscript)


 registering filters library
Registration done

|- (directory)
|- Actions
   |- (AddPropertiesToGroup)
   |- (AssignCategoricalDefinition)
   |- (Build_conversion_table)
   |- (Categorical_Conversion_from_sgems_group_in_place)
   |- (Categorical_Conversion_to_sgems_in_place)
   |- (ClearPropertyValueFromProperty)
   |- (ClearPropertyValueIf)
   |- (CopyProperty)
   |- (CreateMgridFromCgrid)
   |- (CreateTrend)
   |- (DeleteObjectProperties)
   |- (DeleteObjectRegions)
   |- (DeleteObjects)
   |- (Help)
   |- (IndicatorCoding)
   |- (LoadObjectFromFile)
   |- (LoadProject)
   |- (MergeObjectRegionsIntersection)
   |- (MergeObjectRegionsUnion)
   |- (NewCartesianGrid)
   |- (NewCategoricalDefinition)
   |- (NewPropertyGroup)
   |- (NewRGrid)
   |- (RemoveAllPropertiesFromGroup)
   |- (RemoveGroup)
   |- (RemovePropertiesToGroup)
   |- (RunGeostatAlgorithm)
   |- (RunScript)
   |- (SaveGeostatGrid)
   |- (SetActiveRegion)
   |- (SetHarddata)
   |- (SetRegionFromCategoricalPropertyIf)
   |- (SetRegionFromComplement)
   |- (SetRegionFromPropertyIf)
   |- (SwapPropertyToDisk)
   |- (SwapPropertyToRAM)
   |- (complement)
   |- (cos)
   |- (exp)
   |- (inverse)
   |- (log)
   |- (log10)
   |- (logistic)
   |- (logit)
   |- (power10)
   |- (sin)
   |- (sqrt)
   |- (square)
   |- (standardize)
   |- (unitScaling)
|- InputFilters
   |- (directory)
   |- Csv
      |- (cartesian grid)
      |- (masked grid)
      |- (point set)
   |- Gslib
      |- (cartesian grid)
      |- (masked grid)
      |- (point set)
   |- TopLevel
      |- (csv)
      |- (gslib)
      |- (sgems)
      |- (sgems_beta)
|- OutputFilters
   |- (csv)
   |- (gslib)
   |- (sgems)
   |- (sgems_beta)
|- Project
   |- (project)
|- PythonGroupScripts
   |- (pythongroupscript)
|- PythonScripts
   |- (pythonscript)


 registering geostat library
Registration done

|- (directory)
|- Actions
   |- (AddPropertiesToGroup)
   |- (AssignCategoricalDefinition)
   |- (Build_conversion_table)
   |- (Categorical_Conversion_from_sgems_group_in_place)
   |- (Categorical_Conversion_to_sgems_in_place)
   |- (ClearPropertyValueFromProperty)
   |- (ClearPropertyValueIf)
   |- (CopyProperty)
   |- (CreateMgridFromCgrid)
   |- (CreateTrend)
   |- (DeleteObjectProperties)
   |- (DeleteObjectRegions)
   |- (DeleteObjects)
   |- (Help)
   |- (IndicatorCoding)
   |- (LoadObjectFromFile)
   |- (LoadProject)
   |- (MergeObjectRegionsIntersection)
   |- (MergeObjectRegionsUnion)
   |- (NewCartesianGrid)
   |- (NewCategoricalDefinition)
   |- (NewPropertyGroup)
   |- (NewRGrid)
   |- (RemoveAllPropertiesFromGroup)
   |- (RemoveGroup)
   |- (RemovePropertiesToGroup)
   |- (RunGeostatAlgorithm)
   |- (RunScript)
   |- (SaveGeostatGrid)
   |- (SetActiveRegion)
   |- (SetHarddata)
   |- (SetRegionFromCategoricalPropertyIf)
   |- (SetRegionFromComplement)
   |- (SetRegionFromPropertyIf)
   |- (SwapPropertyToDisk)
   |- (SwapPropertyToRAM)
   |- (complement)
   |- (cos)
   |- (exp)
   |- (inverse)
   |- (log)
   |- (log10)
   |- (logistic)
   |- (logit)
   |- (power10)
   |- (sin)
   |- (sqrt)
   |- (square)
   |- (standardize)
   |- (unitScaling)
|- GeostatAlgo
   |- (DifferenceWithBase)
   |- (ImageProcess)
   |- (LU_sim)
   |- (NuTauModel)
   |- (PostKriging)
   |- (Postsim)
   |- (Postsim_categorical)
   |- (cokriging)
   |- (cosgsim)
   |- (cosisim)
   |- (dssim)
   |- (filtersim_cate)
   |- (filtersim_cont)
   |- (indicator_kriging)
   |- (kriging)
   |- (kriging_mean)
   |- (moving_window)
   |- (sgsim)
   |- (sisim)
   |- (snesim_std)
   |- (trans)
   |- (transcat)
|- GeostatParamUtils
   |- (directory)
   |- XML
      |- (Parameters_handler)
|- InputFilters
   |- (directory)
   |- Csv
      |- (cartesian grid)
      |- (masked grid)
      |- (point set)
   |- Gslib
      |- (cartesian grid)
      |- (masked grid)
      |- (point set)
   |- TopLevel
      |- (csv)
      |- (gslib)
      |- (sgems)
      |- (sgems_beta)
|- OutputFilters
   |- (csv)
   |- (gslib)
   |- (sgems)
   |- (sgems_beta)
|- Project
   |- (project)
|- PythonGroupScripts
   |- (pythongroupscript)
|- PythonScripts
   |- (pythonscript)
registering grid library
Creating Categorical definition manager
Registration done
|- (directory)
|- Actions
   |- (AddPropertiesToGroup)
   |- (AssignCategoricalDefinition)
   |- (Build_conversion_table)
   |- (Categorical_Conversion_from_sgems_group_in_place)
   |- (Categorical_Conversion_to_sgems_in_place)
   |- (ClearPropertyValueFromProperty)
   |- (ClearPropertyValueIf)
   |- (CopyProperty)
   |- (CreateMgridFromCgrid)
   |- (CreateTrend)
   |- (DeleteObjectProperties)
   |- (DeleteObjectRegions)
   |- (DeleteObjects)
   |- (Help)
   |- (IndicatorCoding)
   |- (LoadObjectFromFile)
   |- (LoadProject)
   |- (MergeObjectRegionsIntersection)
   |- (MergeObjectRegionsUnion)
   |- (NewCartesianGrid)
   |- (NewCategoricalDefinition)
   |- (NewPropertyGroup)
   |- (NewRGrid)
   |- (RemoveAllPropertiesFromGroup)
   |- (RemoveGroup)
   |- (RemovePropertiesToGroup)
   |- (RunGeostatAlgorithm)
   |- (RunScript)
   |- (SaveGeostatGrid)
   |- (SetActiveRegion)
   |- (SetHarddata)
   |- (SetRegionFromCategoricalPropertyIf)
   |- (SetRegionFromComplement)
   |- (SetRegionFromPropertyIf)
   |- (SwapPropertyToDisk)
   |- (SwapPropertyToRAM)
   |- (complement)
   |- (cos)
   |- (exp)
   |- (inverse)
   |- (log)
   |- (log10)
   |- (logistic)
   |- (logit)
   |- (power10)
   |- (sin)
   |- (sqrt)
   |- (square)
   |- (standardize)
   |- (unitScaling)
|- CategoricalDefinitions
   |- (categoricaldefinition)
   |- Default
|- GeostatAlgo
   |- (DifferenceWithBase)
   |- (ImageProcess)
   |- (LU_sim)
   |- (NuTauModel)
   |- (PostKriging)
   |- (Postsim)
   |- (Postsim_categorical)
   |- (cokriging)
   |- (cosgsim)
   |- (cosisim)
   |- (dssim)
   |- (filtersim_cate)
   |- (filtersim_cont)
   |- (indicator_kriging)
   |- (kriging)
   |- (kriging_mean)
   |- (moving_window)
   |- (sgsim)
   |- (sisim)
   |- (snesim_std)
   |- (trans)
   |- (transcat)
|- GeostatParamUtils
   |- (directory)
   |- XML
      |- (Parameters_handler)
|- GridObject
   |- (directory)
   |- Model
      |- (cgrid)
      |- (point_set)
      |- (reduced_grid)
      |- (rgrid)
   |- PropertyCopier
      |- (Cgrid;;Cgrid)
      |- (Masked_grid;;Masked_grid)
      |- (Point_set;;Cgrid)
      |- (Point_set;;Masked_grid)
      |- (Point_set;;Point_set)
|- InputFilters
   |- (directory)
   |- Csv
      |- (cartesian grid)
      |- (masked grid)
      |- (point set)
   |- Gslib
      |- (cartesian grid)
      |- (masked grid)
      |- (point set)
   |- TopLevel
      |- (csv)
      |- (gslib)
      |- (sgems)
      |- (sgems_beta)
|- OutputFilters
   |- (csv)
   |- (gslib)
   |- (sgems)
   |- (sgems_beta)
|- Project
   |- (project)
|- PythonGroupScripts
   |- (pythongroupscript)
|- PythonScripts
   |- (pythonscript)


 registering gui library
Creating Project_view manager
Creating QWidget_value_accessors manager
Creating Colormaps manager
Creating Open Inventor descriptions manager
Creating Qt summary descriptions manager
Registration done

|- (directory)
|- Actions
   |- (AddPropertiesToGroup)
   |- (AssignCategoricalDefinition)
   |- (Build_conversion_table)
   |- (Categorical_Conversion_from_sgems_group_in_place)
   |- (Categorical_Conversion_to_sgems_in_place)
   |- (ClearPropertyValueFromProperty)
   |- (ClearPropertyValueIf)
   |- (CopyProperty)
   |- (CreateMgridFromCgrid)
   |- (CreateTrend)
   |- (DeleteObjectProperties)
   |- (DeleteObjectRegions)
   |- (DeleteObjects)
   |- (DisplayObject)
   |- (Help)
   |- (HideObject)
   |- (IndicatorCoding)
   |- (LoadCameraSettings)
   |- (LoadColorBar)
   |- (LoadObjectFromFile)
   |- (LoadProject)
   |- (MergeObjectRegionsIntersection)
   |- (MergeObjectRegionsUnion)
   |- (NewCartesianGrid)
   |- (NewCategoricalDefinition)
   |- (NewPropertyGroup)
   |- (NewRGrid)
   |- (RemoveAllPropertiesFromGroup)
   |- (RemoveGroup)
   |- (RemovePropertiesToGroup)
   |- (ResizeCameraWindow)
   |- (RotateCamera)
   |- (RunGeostatAlgorithm)
   |- (RunScript)
   |- (SaveCameraSettings)
   |- (SaveGeostatGrid)
   |- (SaveHistogram)
   |- (SaveQQplot)
   |- (SaveScatterplot)
   |- (SetActiveRegion)
   |- (SetHarddata)
   |- (SetRegionFromCategoricalPropertyIf)
   |- (SetRegionFromComplement)
   |- (SetRegionFromPropertyIf)
   |- (ShowHistogram)
   |- (SwapPropertyToDisk)
   |- (SwapPropertyToRAM)
   |- (TakeSnapshot)
   |- (complement)
   |- (cos)
   |- (exp)
   |- (inverse)
   |- (log)
   |- (log10)
   |- (logistic)
   |- (logit)
   |- (power10)
   |- (sin)
   |- (sqrt)
   |- (square)
   |- (standardize)
   |- (unitScaling)
|- CategoricalDefinitions
   |- (categoricaldefinition)
   |- Default
|- Colormaps
   |- (colormap)
|- GeostatAlgo
   |- (DifferenceWithBase)
   |- (ImageProcess)
   |- (LU_sim)
   |- (NuTauModel)
   |- (PostKriging)
   |- (Postsim)
   |- (Postsim_categorical)
   |- (cokriging)
   |- (cosgsim)
   |- (cosisim)
   |- (dssim)
   |- (filtersim_cate)
   |- (filtersim_cont)
   |- (indicator_kriging)
   |- (kriging)
   |- (kriging_mean)
   |- (moving_window)
   |- (sgsim)
   |- (sisim)
   |- (snesim_std)
   |- (trans)
   |- (transcat)
|- GeostatParamUtils
   |- (directory)
   |- XML
      |- (Parameters_handler)
      |- (QCheckBox)
      |- (QComboBox)
      |- (QLineEdit)
      |- (QRadioButton)
      |- (QSpinBox)
      |- (QTableWidget)
      |- (Value_collector)
|- GridObject
   |- (directory)
   |- Model
      |- (cgrid)
      |- (point_set)
      |- (reduced_grid)
      |- (rgrid)
   |- OinvDescription
      |- (Cgrid)
      |- (Masked_grid)
      |- (Point_set)
   |- PropertyCopier
      |- (Cgrid;;Cgrid)
      |- (Masked_grid;;Masked_grid)
      |- (Point_set;;Cgrid)
      |- (Point_set;;Masked_grid)
      |- (Point_set;;Point_set)
   |- QtSummaryDescription
      |- (Cgrid)
      |- (Masked_grid)
      |- (Point_set)
|- InputFilters
   |- (directory)
   |- Csv
      |- (cartesian grid)
      |- (masked grid)
      |- (point set)
   |- Gslib
      |- (cartesian grid)
      |- (masked grid)
      |- (point set)
   |- TopLevel
      |- (csv)
      |- (gslib)
      |- (sgems)
      |- (sgems_beta)
|- OutputFilters
   |- (csv)
   |- (gslib)
   |- (sgems)
   |- (sgems_beta)
|- Project
   |- (project)
|- ProjectView
   |- (oinv_view)
|- PythonGroupScripts
   |- (pythongroupscript)
|- PythonScripts
   |- (pythonscript)


 registering extragui library
Getting QT_wrappers manager
Registration done

|- (directory)
|- Actions
   |- (AddPropertiesToGroup)
   |- (AssignCategoricalDefinition)
   |- (Build_conversion_table)
   |- (Categorical_Conversion_from_sgems_group_in_place)
   |- (Categorical_Conversion_to_sgems_in_place)
   |- (ClearPropertyValueFromProperty)
   |- (ClearPropertyValueIf)
   |- (CopyProperty)
   |- (CreateMgridFromCgrid)
   |- (CreateTrend)
   |- (DeleteObjectProperties)
   |- (DeleteObjectRegions)
   |- (DeleteObjects)
   |- (DisplayObject)
   |- (Help)
   |- (HideObject)
   |- (IndicatorCoding)
   |- (LoadCameraSettings)
   |- (LoadColorBar)
   |- (LoadObjectFromFile)
   |- (LoadProject)
   |- (MergeObjectRegionsIntersection)
   |- (MergeObjectRegionsUnion)
   |- (NewCartesianGrid)
   |- (NewCategoricalDefinition)
   |- (NewPropertyGroup)
   |- (NewRGrid)
   |- (RemoveAllPropertiesFromGroup)
   |- (RemoveGroup)
   |- (RemovePropertiesToGroup)
   |- (ResizeCameraWindow)
   |- (RotateCamera)
   |- (RunGeostatAlgorithm)
   |- (RunScript)
   |- (SaveCameraSettings)
   |- (SaveGeostatGrid)
   |- (SaveHistogram)
   |- (SaveQQplot)
   |- (SaveScatterplot)
   |- (SetActiveRegion)
   |- (SetHarddata)
   |- (SetRegionFromCategoricalPropertyIf)
   |- (SetRegionFromComplement)
   |- (SetRegionFromPropertyIf)
   |- (ShowHistogram)
   |- (SwapPropertyToDisk)
   |- (SwapPropertyToRAM)
   |- (TakeSnapshot)
   |- (complement)
   |- (cos)
   |- (exp)
   |- (inverse)
   |- (log)
   |- (log10)
   |- (logistic)
   |- (logit)
   |- (power10)
   |- (sin)
   |- (sqrt)
   |- (square)
   |- (standardize)
   |- (unitScaling)
|- CategoricalDefinitions
   |- (categoricaldefinition)
   |- Default
|- Colormaps
   |- (colormap)
|- GeostatAlgo
   |- (DifferenceWithBase)
   |- (ImageProcess)
   |- (LU_sim)
   |- (NuTauModel)
   |- (PostKriging)
   |- (Postsim)
   |- (Postsim_categorical)
   |- (cokriging)
   |- (cosgsim)
   |- (cosisim)
   |- (dssim)
   |- (filtersim_cate)
   |- (filtersim_cont)
   |- (indicator_kriging)
   |- (kriging)
   |- (kriging_mean)
   |- (moving_window)
   |- (sgsim)
   |- (sisim)
   |- (snesim_std)
   |- (trans)
   |- (transcat)
|- GeostatParamUtils
   |- (directory)
   |- XML
      |- (AdvancedNeighborhoodInput)
      |- (EllipsoidInput)
      |- (FileChooser)
      |- (GridSelector)
      |- (GridSelectorBasic)
      |- (GsTLTable)
      |- (KrigingTypeSelector)
      |- (LowerTailCdfInput)
      |- (MultiPropertySelector)
      |- (NonParamCdfInput)
      |- (OctantSearchInput)
      |- (OrderedCategoricalPropertySelector)
      |- (OrderedPropertySelector)
      |- (Parameters_handler)
      |- (PropertySelector)
      |- (PropertySelectorNoRegion)
      |- (QCheckBox)
      |- (QComboBox)
      |- (QLineEdit)
      |- (QRadioButton)
      |- (QSpinBox)
      |- (QTableWidget)
      |- (SinglePropertySelector)
      |- (TrendComponents)
      |- (UpperTailCdfInput)
      |- (Value_collector)
      |- (VariogramInput)
|- GridObject
   |- (directory)
   |- Model
      |- (cgrid)
      |- (point_set)
      |- (reduced_grid)
      |- (rgrid)
   |- OinvDescription
      |- (Cgrid)
      |- (Masked_grid)
      |- (Point_set)
   |- PropertyCopier
      |- (Cgrid;;Cgrid)
      |- (Masked_grid;;Masked_grid)
      |- (Point_set;;Cgrid)
      |- (Point_set;;Masked_grid)
      |- (Point_set;;Point_set)
   |- QtSummaryDescription
      |- (Cgrid)
      |- (Masked_grid)
      |- (Point_set)
|- InputFilters
   |- (directory)
   |- Csv
      |- (cartesian grid)
      |- (masked grid)
      |- (point set)
   |- Gslib
      |- (cartesian grid)
      |- (masked grid)
      |- (point set)
   |- TopLevel
      |- (csv)
      |- (gslib)
      |- (sgems)
      |- (sgems_beta)
|- OutputFilters
   |- (csv)
   |- (gslib)
   |- (sgems)
   |- (sgems_beta)
|- Project
   |- (project)
|- ProjectView
   |- (oinv_view)
|- PythonGroupScripts
   |- (pythongroupscript)
|- PythonScripts
   |- (pythonscript)
No geostatistics plugin could be found.
Check that environment variable GSTLAPPLIHOME is set to where SGeMS was installed
or that directory plugins/Geostat actually contains plugins
Adding algorithm DifferenceWithBase to GUI selector
Can't find file F:/?? ??/??/??/Dual IDW/Local/MS/submission/Computer_and_Geos/Data and source code for the DIDW with LVEs/DIDW_L/source_code/LibX64/plugins/Geostat/DifferenceWithBase.ui
Aborting registration of algorithm DifferenceWithBase

Adding algorithm ImageProcess to GUI selector
Can't find file F:/?? ??/??/??/Dual IDW/Local/MS/submission/Computer_and_Geos/Data and source code for the DIDW with LVEs/DIDW_L/source_code/LibX64/plugins/Geostat/ImageProcess.ui
Aborting registration of algorithm ImageProcess

Adding algorithm LU_sim to GUI selector
Can't find file F:/?? ??/??/??/Dual IDW/Local/MS/submission/Computer_and_Geos/Data and source code for the DIDW with LVEs/DIDW_L/source_code/LibX64/plugins/Geostat/LU_sim.ui
Aborting registration of algorithm LU_sim

Adding algorithm NuTauModel to GUI selector
Can't find file F:/?? ??/??/??/Dual IDW/Local/MS/submission/Computer_and_Geos/Data and source code for the DIDW with LVEs/DIDW_L/source_code/LibX64/plugins/Geostat/NuTauModel.ui
Aborting registration of algorithm NuTauModel

Adding algorithm PostKriging to GUI selector
Can't find file F:/?? ??/??/??/Dual IDW/Local/MS/submission/Computer_and_Geos/Data and source code for the DIDW with LVEs/DIDW_L/source_code/LibX64/plugins/Geostat/PostKriging.ui
Aborting registration of algorithm PostKriging

Adding algorithm Postsim to GUI selector
Can't find file F:/?? ??/??/??/Dual IDW/Local/MS/submission/Computer_and_Geos/Data and source code for the DIDW with LVEs/DIDW_L/source_code/LibX64/plugins/Geostat/Postsim.ui
Aborting registration of algorithm Postsim

Adding algorithm Postsim_categorical to GUI selector
Can't find file F:/?? ??/??/??/Dual IDW/Local/MS/submission/Computer_and_Geos/Data and source code for the DIDW with LVEs/DIDW_L/source_code/LibX64/plugins/Geostat/Postsim_categorical.ui
Aborting registration of algorithm Postsim_categorical

Adding algorithm cokriging to GUI selector
Can't find file F:/?? ??/??/??/Dual IDW/Local/MS/submission/Computer_and_Geos/Data and source code for the DIDW with LVEs/DIDW_L/source_code/LibX64/plugins/Geostat/cokriging.ui
Aborting registration of algorithm cokriging

Adding algorithm cosgsim to GUI selector
Can't find file F:/?? ??/??/??/Dual IDW/Local/MS/submission/Computer_and_Geos/Data and source code for the DIDW with LVEs/DIDW_L/source_code/LibX64/plugins/Geostat/cosgsim.ui
Aborting registration of algorithm cosgsim

Adding algorithm cosisim to GUI selector
Can't find file F:/?? ??/??/??/Dual IDW/Local/MS/submission/Computer_and_Geos/Data and source code for the DIDW with LVEs/DIDW_L/source_code/LibX64/plugins/Geostat/cosisim.ui
Aborting registration of algorithm cosisim

Adding algorithm dssim to GUI selector
Can't find file F:/?? ??/??/??/Dual IDW/Local/MS/submission/Computer_and_Geos/Data and source code for the DIDW with LVEs/DIDW_L/source_code/LibX64/plugins/Geostat/dssim.ui
Aborting registration of algorithm dssim

Adding algorithm filtersim_cate to GUI selector
Can't find file F:/?? ??/??/??/Dual IDW/Local/MS/submission/Computer_and_Geos/Data and source code for the DIDW with LVEs/DIDW_L/source_code/LibX64/plugins/Geostat/filtersim_cate.ui
Aborting registration of algorithm filtersim_cate

Adding algorithm filtersim_cont to GUI selector
Can't find file F:/?? ??/??/??/Dual IDW/Local/MS/submission/Computer_and_Geos/Data and source code for the DIDW with LVEs/DIDW_L/source_code/LibX64/plugins/Geostat/filtersim_cont.ui
Aborting registration of algorithm filtersim_cont

Adding algorithm indicator_kriging to GUI selector
Can't find file F:/?? ??/??/??/Dual IDW/Local/MS/submission/Computer_and_Geos/Data and source code for the DIDW with LVEs/DIDW_L/source_code/LibX64/plugins/Geostat/indicator_kriging.ui
Aborting registration of algorithm indicator_kriging

Adding algorithm kriging to GUI selector
Can't find file F:/?? ??/??/??/Dual IDW/Local/MS/submission/Computer_and_Geos/Data and source code for the DIDW with LVEs/DIDW_L/source_code/LibX64/plugins/Geostat/kriging.ui
Aborting registration of algorithm kriging

Adding algorithm kriging_mean to GUI selector
Can't find file F:/?? ??/??/??/Dual IDW/Local/MS/submission/Computer_and_Geos/Data and source code for the DIDW with LVEs/DIDW_L/source_code/LibX64/plugins/Geostat/kriging_mean.ui
Aborting registration of algorithm kriging_mean

Adding algorithm moving_window to GUI selector
Can't find file F:/?? ??/??/??/Dual IDW/Local/MS/submission/Computer_and_Geos/Data and source code for the DIDW with LVEs/DIDW_L/source_code/LibX64/plugins/Geostat/moving_window.ui
Aborting registration of algorithm moving_window

Adding algorithm sgsim to GUI selector
Can't find file F:/?? ??/??/??/Dual IDW/Local/MS/submission/Computer_and_Geos/Data and source code for the DIDW with LVEs/DIDW_L/source_code/LibX64/plugins/Geostat/sgsim.ui
Aborting registration of algorithm sgsim

Adding algorithm sisim to GUI selector
Can't find file F:/?? ??/??/??/Dual IDW/Local/MS/submission/Computer_and_Geos/Data and source code for the DIDW with LVEs/DIDW_L/source_code/LibX64/plugins/Geostat/sisim.ui
Aborting registration of algorithm sisim

Adding algorithm snesim_std to GUI selector
Can't find file F:/?? ??/??/??/Dual IDW/Local/MS/submission/Computer_and_Geos/Data and source code for the DIDW with LVEs/DIDW_L/source_code/LibX64/plugins/Geostat/snesim_std.ui
Aborting registration of algorithm snesim_std

Adding algorithm trans to GUI selector
Can't find file F:/?? ??/??/??/Dual IDW/Local/MS/submission/Computer_and_Geos/Data and source code for the DIDW with LVEs/DIDW_L/source_code/LibX64/plugins/Geostat/trans.ui
Aborting registration of algorithm trans

Adding algorithm transcat to GUI selector
Can't find file F:/?? ??/??/??/Dual IDW/Local/MS/submission/Computer_and_Geos/Data and source code for the DIDW with LVEs/DIDW_L/source_code/LibX64/plugins/Geostat/transcat.ui
Aborting registration of algorithm transcat

